#
# A fatal error has been detected by the Java Runtime Environment:
#
#  EXCEPTION_ACCESS_VIOLATION (0xc0000005) at pc=0x00007ffa7c50345e, pid=8516, tid=7072
#
# JRE version: Java(TM) SE Runtime Environment (18.0.2+9) (build 18.0.2+9-61)
# Java VM: Java HotSpot(TM) 64-Bit Server VM (18.0.2+9-61, mixed mode, sharing, tiered, compressed oops, compressed class ptrs, g1 gc, windows-amd64)
# Problematic frame:
# V  [jvm.dll+0x1d345e]
#
# No core dump will be written. Minidumps are not enabled by default on client versions of Windows
#
# If you would like to submit a bug report, please visit:
#   https://bugreport.java.com/bugreport/crash.jsp
#

---------------  S U M M A R Y ------------

Command Line: -javaagent:C:\Program Files\JetBrains\IntelliJ IDEA Community Edition 2022.1.3\lib\idea_rt.jar=64355:C:\Program Files\JetBrains\IntelliJ IDEA Community Edition 2022.1.3\bin -Dfile.encoding=UTF-8 com.lms.LmsApplication

Host: Intel(R) Core(TM) i3-6006U CPU @ 2.00GHz, 4 cores, 7G,  Windows 10 , 64 bit Build 19041 (10.0.19041.4717)
Time: Sun Sep  8 14:12:55 2024 India Standard Time elapsed time: 6.115628 seconds (0d 0h 0m 6s)

---------------  T H R E A D  ---------------

Current thread (0x0000019cfafd84c0):  JavaThread "C2 CompilerThread0" daemon [_thread_in_native, id=7072, stack(0x00000075b8000000,0x00000075b8100000)]


Current CompileTask:
C2:   6115 1949   !   4       java.net.URL::<init> (543 bytes)

Stack: [0x00000075b8000000,0x00000075b8100000],  sp=0x00000075b80fb900,  free space=1006k
Native frames: (J=compiled Java code, j=interpreted, Vv=VM code, C=native code)
V  [jvm.dll+0x1d345e]
V  [jvm.dll+0x1d2c43]
V  [jvm.dll+0x2300a9]
V  [jvm.dll+0x22f321]
V  [jvm.dll+0x1ba01c]
V  [jvm.dll+0x23ec9a]
V  [jvm.dll+0x23cf85]
V  [jvm.dll+0x7a6e21]
V  [jvm.dll+0x7a125a]
V  [jvm.dll+0x698275]
C  [ucrtbase.dll+0x21bb2]
C  [KERNEL32.DLL+0x17374]
C  [ntdll.dll+0x4cc91]


siginfo: EXCEPTION_ACCESS_VIOLATION (0xc0000005), reading address 0x0000019cd1d65ab8


Register to memory mapping:

RIP=0x00007ffa7c50345e jvm.dll
RAX=0x0000019c8fd62020 points into unknown readable memory: 0x0000000000000000 | 00 00 00 00 00 00 00 00
RBX=0x0000000000600055 is an unknown value
RCX=0x0000019c8fc605c0 points into unknown readable memory: 0x0000000000000000 | 00 00 00 00 00 00 00 00
RDX=0x0000000000000056 is an unknown value
RSP=0x00000075b80fb900 is pointing into the stack for thread: 0x0000019cfafd84c0
RBP=0x00000075b80fba00 is pointing into the stack for thread: 0x0000019cfafd84c0
RSI=0x00000075b80fbfe0 is pointing into the stack for thread: 0x0000019cfafd84c0
RDI=0x00000075b80fbf00 is pointing into the stack for thread: 0x0000019cfafd84c0
R8 =0x0000000042003a70 is an unknown value
R9 =0x00000075b80fbb60 is pointing into the stack for thread: 0x0000019cfafd84c0
R10=0x0 is NULL
R11=0x0000019c8fc605c0 points into unknown readable memory: 0x0000000000000000 | 00 00 00 00 00 00 00 00
R12=0x0 is NULL
R13=0x0000019cfaf9b500 points into unknown readable memory: 0x0000000000000000 | 00 00 00 00 00 00 00 00
R14=0x0000019cfb0201c0 points into unknown readable memory: 0x0000007500000100 | 00 01 00 00 75 00 00 00
R15=0x0000019cfb0201b0 points into unknown readable memory: 0x0000019c8fc5cff0 | f0 cf c5 8f 9c 01 00 00


Registers:
RAX=0x0000019c8fd62020, RBX=0x0000000000600055, RCX=0x0000019c8fc605c0, RDX=0x0000000000000056
RSP=0x00000075b80fb900, RBP=0x00000075b80fba00, RSI=0x00000075b80fbfe0, RDI=0x00000075b80fbf00
R8 =0x0000000042003a70, R9 =0x00000075b80fbb60, R10=0x0000000000000000, R11=0x0000019c8fc605c0
R12=0x0000000000000000, R13=0x0000019cfaf9b500, R14=0x0000019cfb0201c0, R15=0x0000019cfb0201b0
RIP=0x00007ffa7c50345e, EFLAGS=0x0000000000010202

Top of Stack: (sp=0x00000075b80fb900)
0x00000075b80fb900:   0000000000000056 00000075b80fba00
0x00000075b80fb910:   00000075b80fbfe0 00000075b80fbf00
0x00000075b80fb920:   0000000000000000 00000003000013af
0x00000075b80fb930:   0000001400000014 0000019cffd66ac0
0x00000075b80fb940:   0000019c8fc58f50 0000019c8fc60980
0x00000075b80fb950:   0000019cffbf4de8 0000019cffbf4de8
0x00000075b80fb960:   0000019cffd32cb8 00007ffa00000006
0x00000075b80fb970:   0000019cffe50a08 0000019cffe50a08
0x00000075b80fb980:   0000019cffe10000 0000000000000000
0x00000075b80fb990:   0000000000000000 0000000000000000
0x00000075b80fb9a0:   0000000000000000 00007ffa7cc2b370
0x00000075b80fb9b0:   0000000000000000 0000000000000000
0x00000075b80fb9c0:   0000000000000000 00007ffa7cc2b370
0x00000075b80fb9d0:   0000000000000000 0000000000000000
0x00000075b80fb9e0:   0000000000000000 0000000000000000
0x00000075b80fb9f0:   0000000000000000 0000000000000000 

Instructions: (pc=0x00007ffa7c50345e)
0x00007ffa7c50335e:   89 5f 30 ff c3 89 9c 24 f0 00 00 00 eb 97 cc cc
0x00007ffa7c50336e:   cc cc 48 8b c4 48 89 58 10 48 89 70 18 48 89 78
0x00007ffa7c50337e:   20 55 41 54 41 56 48 8d 6c 24 80 48 81 ec 80 01
0x00007ffa7c50338e:   00 00 0f 29 70 d8 4c 8d 05 95 c3 97 00 0f 29 78
0x00007ffa7c50339e:   c8 48 8d 15 ca 7f 72 00 44 0f 29 40 b8 48 8b f9
0x00007ffa7c5033ae:   44 0f 29 48 a8 48 8d 4d 80 44 0f 29 50 98 44 0f
0x00007ffa7c5033be:   29 58 88 44 0f 29 a0 78 ff ff ff 44 0f 29 a8 68
0x00007ffa7c5033ce:   ff ff ff 44 0f 29 b0 58 ff ff ff 44 0f 29 b8 48
0x00007ffa7c5033de:   ff ff ff e8 0a c4 05 00 f2 44 0f 10 2d f9 7f 72
0x00007ffa7c5033ee:   00 45 33 e4 f2 44 0f 10 35 c5 7f 72 00 45 0f 57
0x00007ffa7c5033fe:   ff f2 44 0f 10 05 08 80 72 00 f2 44 0f 10 15 f7
0x00007ffa7c50340e:   7f 72 00 f2 44 0f 10 0d b6 7f 72 00 f2 44 0f 10
0x00007ffa7c50341e:   1d dd 7f 72 00 f2 44 0f 10 25 c4 7f 72 00 4c 89
0x00007ffa7c50342e:   bc 24 a0 01 00 00 8b 9f b8 00 00 00 85 db 75 0d
0x00007ffa7c50343e:   44 39 a7 bc 00 00 00 0f 84 6a 01 00 00 4c 8b 4f
0x00007ffa7c50344e:   70 49 8b 41 20 85 db 74 14 4c 69 c3 b0 00 00 00
0x00007ffa7c50345e:   42 8b 4c 00 28 89 8f b8 00 00 00 eb 18 8b 9f bc
0x00007ffa7c50346e:   00 00 00 4c 69 c3 b0 00 00 00 42 8b 4c 00 28 89
0x00007ffa7c50347e:   8f bc 00 00 00 49 8b 49 20 48 8b d3 8b 87 c4 00
0x00007ffa7c50348e:   00 00 42 89 44 01 28 4c 8b 4f 70 89 9f c4 00 00
0x00007ffa7c50349e:   00 49 8b 41 20 42 f7 84 00 a8 00 00 00 00 80 00
0x00007ffa7c5034ae:   00 0f 84 bd 00 00 00 4d 8b 59 10 48 8d 0c 9b 48
0x00007ffa7c5034be:   c1 e1 05 4c 03 d9 45 39 23 0f 84 a5 00 00 00 44
0x00007ffa7c5034ce:   89 64 24 58 49 8b d4 48 89 54 24 50 b9 04 00 00
0x00007ffa7c5034de:   00 48 89 4c 24 5c 45 8b c4 45 8b 53 04 45 8b cc
0x00007ffa7c5034ee:   44 89 54 24 64 4c 89 64 24 68 49 8b 43 08 48 89
0x00007ffa7c5034fe:   44 24 70 4c 89 5c 24 78 48 85 d2 74 1b 48 0f bc
0x00007ffa7c50350e:   c2 8b c8 48 d3 ea 48 ff ca 44 03 c0 48 89 54 24
0x00007ffa7c50351e:   50 44 89 44 24 58 eb 17 83 f9 04 72 05 45 3b ca
0x00007ffa7c50352e:   73 42 48 8d 4c 24 50 e8 46 7a 1b 00 44 8b c0 45
0x00007ffa7c50353e:   85 c0 74 30 41 8b c0 48 69 d0 b0 00 00 00 48 8b
0x00007ffa7c50354e:   47 70 48 8b 48 20 89 5c 0a 20 44 8b 54 24 64 44 


Stack slot to memory mapping:
stack at sp + 0 slots: 0x0000000000000056 is an unknown value
stack at sp + 1 slots: 0x00000075b80fba00 is pointing into the stack for thread: 0x0000019cfafd84c0
stack at sp + 2 slots: 0x00000075b80fbfe0 is pointing into the stack for thread: 0x0000019cfafd84c0
stack at sp + 3 slots: 0x00000075b80fbf00 is pointing into the stack for thread: 0x0000019cfafd84c0
stack at sp + 4 slots: 0x0 is NULL
stack at sp + 5 slots: 0x00000003000013af is an unknown value
stack at sp + 6 slots: 0x0000001400000014 is an unknown value
stack at sp + 7 slots: 0x0000019cffd66ac0 points into unknown readable memory: 0x0000000000000000 | 00 00 00 00 00 00 00 00


---------------  P R O C E S S  ---------------

Threads class SMR info:
_java_thread_list=0x0000019c8f33c5a0, length=17, elements={
0x0000019cea7b76a0, 0x0000019cfafacda0, 0x0000019cfafada00, 0x0000019cfafc9320,
0x0000019cfafcabe0, 0x0000019cfafcb6c0, 0x0000019cfafcc1a0, 0x0000019cfafd84c0,
0x0000019cfafdae30, 0x0000019cfaff27d0, 0x0000019cfb06ea50, 0x0000019cff7fe500,
0x0000019cff7fe9c0, 0x0000019cffac2390, 0x0000019cffa38750, 0x0000019c8f0a7bf0,
0x0000019cfafdc780
}

Java Threads: ( => current thread )
  0x0000019cea7b76a0 JavaThread "main" [_thread_blocked, id=13068, stack(0x00000075b7300000,0x00000075b7400000)]
  0x0000019cfafacda0 JavaThread "Reference Handler" daemon [_thread_blocked, id=13776, stack(0x00000075b7a00000,0x00000075b7b00000)]
  0x0000019cfafada00 JavaThread "Finalizer" daemon [_thread_blocked, id=7180, stack(0x00000075b7b00000,0x00000075b7c00000)]
  0x0000019cfafc9320 JavaThread "Signal Dispatcher" daemon [_thread_blocked, id=8108, stack(0x00000075b7c00000,0x00000075b7d00000)]
  0x0000019cfafcabe0 JavaThread "Attach Listener" daemon [_thread_blocked, id=13872, stack(0x00000075b7d00000,0x00000075b7e00000)]
  0x0000019cfafcb6c0 JavaThread "Service Thread" daemon [_thread_blocked, id=13868, stack(0x00000075b7e00000,0x00000075b7f00000)]
  0x0000019cfafcc1a0 JavaThread "Monitor Deflation Thread" daemon [_thread_blocked, id=7792, stack(0x00000075b7f00000,0x00000075b8000000)]
=>0x0000019cfafd84c0 JavaThread "C2 CompilerThread0" daemon [_thread_in_native, id=7072, stack(0x00000075b8000000,0x00000075b8100000)]
  0x0000019cfafdae30 JavaThread "C1 CompilerThread0" daemon [_thread_blocked, id=13052, stack(0x00000075b8100000,0x00000075b8200000)]
  0x0000019cfaff27d0 JavaThread "Sweeper thread" daemon [_thread_blocked, id=5036, stack(0x00000075b8200000,0x00000075b8300000)]
  0x0000019cfb06ea50 JavaThread "Common-Cleaner" daemon [_thread_blocked, id=4860, stack(0x00000075b8300000,0x00000075b8400000)]
  0x0000019cff7fe500 JavaThread "Monitor Ctrl-Break" daemon [_thread_in_native, id=12996, stack(0x00000075b8400000,0x00000075b8500000)]
  0x0000019cff7fe9c0 JavaThread "Notification Thread" daemon [_thread_blocked, id=13480, stack(0x00000075b8500000,0x00000075b8600000)]
  0x0000019cffac2390 JavaThread "Thread-0" [_thread_blocked, id=13492, stack(0x00000075b8700000,0x00000075b8800000)]
  0x0000019cffa38750 JavaThread "restartedMain" [_thread_in_Java, id=13500, stack(0x00000075b8b00000,0x00000075b8c00000)]
  0x0000019c8f0a7bf0 JavaThread "background-preinit" [_thread_in_native, id=1912, stack(0x00000075b8c00000,0x00000075b8d00000)]
  0x0000019cfafdc780 JavaThread "C2 CompilerThread1" daemon [_thread_blocked, id=5544, stack(0x00000075b8d00000,0x00000075b8e00000)]

Other Threads:
  0x0000019cfafa9da0 VMThread "VM Thread" [stack: 0x00000075b7900000,0x00000075b7a00000] [id=13772]
  0x0000019cea7b8440 WatcherThread "VM Periodic Task Thread" [stack: 0x00000075b8600000,0x00000075b8700000] [id=4744]
  0x0000019cea816080 WorkerThread "GC Thread#0" [stack: 0x00000075b7400000,0x00000075b7500000] [id=2280]
  0x0000019cffaaa210 WorkerThread "GC Thread#1" [stack: 0x00000075b8800000,0x00000075b8900000] [id=13488]
  0x0000019cffaaa4b0 WorkerThread "GC Thread#2" [stack: 0x00000075b8900000,0x00000075b8a00000] [id=13496]
  0x0000019cffb444a0 WorkerThread "GC Thread#3" [stack: 0x00000075b8a00000,0x00000075b8b00000] [id=5156]
  0x0000019cea826b30 ConcurrentGCThread "G1 Main Marker" [stack: 0x00000075b7500000,0x00000075b7600000] [id=12908]
  0x0000019cea828bd0 WorkerThread "G1 Conc#0" [stack: 0x00000075b7600000,0x00000075b7700000] [id=10368]
  0x0000019cea864040 ConcurrentGCThread "G1 Refine#0" [stack: 0x00000075b7700000,0x00000075b7800000] [id=1868]
  0x0000019cea864950 ConcurrentGCThread "G1 Service" [stack: 0x00000075b7800000,0x00000075b7900000] [id=13864]

Threads with active compile tasks:
C2 CompilerThread0     6360 1949   !   4       java.net.URL::<init> (543 bytes)

VM state: not at safepoint (normal execution)

VM Mutex/Monitor currently owned by a thread: None

Heap address: 0x0000000081c00000, size: 2020 MB, Compressed Oops mode: 32-bit

CDS archive(s) mapped at: [0x0000000800000000-0x0000000800ba0000-0x0000000800ba0000), size 12189696, SharedBaseAddress: 0x0000000800000000, ArchiveRelocationMode: 0.
Compressed class space mapped at: 0x0000000800c00000-0x0000000840c00000, reserved size: 1073741824
Narrow klass base: 0x0000000800000000, Narrow klass shift: 0, Narrow klass range: 0x100000000

GC Precious Log:
 CardTable entry size: 512
 Card Set container configuration: InlinePtr #cards 5 size 8 Array Of Cards #cards 12 size 40 Howl #buckets 4 coarsen threshold 1843 Howl Bitmap #cards 512 size 80 coarsen threshold 460 Card regions per heap region 1 cards per card region 2048
 CPUs: 4 total, 4 available
 Memory: 8073M
 Large Page Support: Disabled
 NUMA Support: Disabled
 Compressed Oops: Enabled (32-bit)
 Heap Region Size: 1M
 Heap Min Capacity: 8M
 Heap Initial Capacity: 128M
 Heap Max Capacity: 2020M
 Pre-touch: Disabled
 Parallel Workers: 4
 Concurrent Workers: 1
 Concurrent Refinement Workers: 4
 Periodic GC: Disabled

Heap:
 garbage-first heap   total 131072K, used 30416K [0x0000000081c00000, 0x0000000100000000)
  region size 1024K, 26 young (26624K), 3 survivors (3072K)
 Metaspace       used 16475K, committed 16768K, reserved 1114112K
  class space    used 2035K, committed 2176K, reserved 1048576K

Heap Regions: E=young(eden), S=young(survivor), O=old, HS=humongous(starts), HC=humongous(continues), CS=collection set, F=free, OA=open archive, CA=closed archive, TAMS=top-at-mark-start (previous, next)
|   0|0x0000000081c00000, 0x0000000081d00000, 0x0000000081d00000|100%|HS|  |TAMS 0x0000000081c00000, 0x0000000081c00000| Complete 
|   1|0x0000000081d00000, 0x0000000081e00000, 0x0000000081e00000|100%| O|  |TAMS 0x0000000081d00000, 0x0000000081d00000| Untracked 
|   2|0x0000000081e00000, 0x0000000081f00000, 0x0000000081f00000|100%| O|  |TAMS 0x0000000081e00000, 0x0000000081e00000| Untracked 
|   3|0x0000000081f00000, 0x0000000082000000, 0x0000000082000000|100%| O|  |TAMS 0x0000000081f00000, 0x0000000081f00000| Untracked 
|   4|0x0000000082000000, 0x0000000082100000, 0x0000000082100000|100%| O|  |TAMS 0x0000000082000000, 0x0000000082000000| Untracked 
|   5|0x0000000082100000, 0x0000000082200000, 0x0000000082200000|100%| O|  |TAMS 0x0000000082100000, 0x0000000082100000| Untracked 
|   6|0x0000000082200000, 0x000000008229aa00, 0x0000000082300000| 60%| O|  |TAMS 0x0000000082200000, 0x0000000082200000| Untracked 
|   7|0x0000000082300000, 0x0000000082300000, 0x0000000082400000|  0%| F|  |TAMS 0x0000000082300000, 0x0000000082300000| Untracked 
|   8|0x0000000082400000, 0x0000000082400000, 0x0000000082500000|  0%| F|  |TAMS 0x0000000082400000, 0x0000000082400000| Untracked 
|   9|0x0000000082500000, 0x0000000082500000, 0x0000000082600000|  0%| F|  |TAMS 0x0000000082500000, 0x0000000082500000| Untracked 
|  10|0x0000000082600000, 0x0000000082600000, 0x0000000082700000|  0%| F|  |TAMS 0x0000000082600000, 0x0000000082600000| Untracked 
|  11|0x0000000082700000, 0x0000000082700000, 0x0000000082800000|  0%| F|  |TAMS 0x0000000082700000, 0x0000000082700000| Untracked 
|  12|0x0000000082800000, 0x0000000082800000, 0x0000000082900000|  0%| F|  |TAMS 0x0000000082800000, 0x0000000082800000| Untracked 
|  13|0x0000000082900000, 0x0000000082900000, 0x0000000082a00000|  0%| F|  |TAMS 0x0000000082900000, 0x0000000082900000| Untracked 
|  14|0x0000000082a00000, 0x0000000082a00000, 0x0000000082b00000|  0%| F|  |TAMS 0x0000000082a00000, 0x0000000082a00000| Untracked 
|  15|0x0000000082b00000, 0x0000000082b00000, 0x0000000082c00000|  0%| F|  |TAMS 0x0000000082b00000, 0x0000000082b00000| Untracked 
|  16|0x0000000082c00000, 0x0000000082c00000, 0x0000000082d00000|  0%| F|  |TAMS 0x0000000082c00000, 0x0000000082c00000| Untracked 
|  17|0x0000000082d00000, 0x0000000082d00000, 0x0000000082e00000|  0%| F|  |TAMS 0x0000000082d00000, 0x0000000082d00000| Untracked 
|  18|0x0000000082e00000, 0x0000000082e00000, 0x0000000082f00000|  0%| F|  |TAMS 0x0000000082e00000, 0x0000000082e00000| Untracked 
|  19|0x0000000082f00000, 0x0000000082f00000, 0x0000000083000000|  0%| F|  |TAMS 0x0000000082f00000, 0x0000000082f00000| Untracked 
|  20|0x0000000083000000, 0x0000000083000000, 0x0000000083100000|  0%| F|  |TAMS 0x0000000083000000, 0x0000000083000000| Untracked 
|  21|0x0000000083100000, 0x0000000083100000, 0x0000000083200000|  0%| F|  |TAMS 0x0000000083100000, 0x0000000083100000| Untracked 
|  22|0x0000000083200000, 0x0000000083200000, 0x0000000083300000|  0%| F|  |TAMS 0x0000000083200000, 0x0000000083200000| Untracked 
|  23|0x0000000083300000, 0x0000000083300000, 0x0000000083400000|  0%| F|  |TAMS 0x0000000083300000, 0x0000000083300000| Untracked 
|  24|0x0000000083400000, 0x0000000083400000, 0x0000000083500000|  0%| F|  |TAMS 0x0000000083400000, 0x0000000083400000| Untracked 
|  25|0x0000000083500000, 0x0000000083500000, 0x0000000083600000|  0%| F|  |TAMS 0x0000000083500000, 0x0000000083500000| Untracked 
|  26|0x0000000083600000, 0x0000000083600000, 0x0000000083700000|  0%| F|  |TAMS 0x0000000083600000, 0x0000000083600000| Untracked 
|  27|0x0000000083700000, 0x0000000083700000, 0x0000000083800000|  0%| F|  |TAMS 0x0000000083700000, 0x0000000083700000| Untracked 
|  28|0x0000000083800000, 0x0000000083800000, 0x0000000083900000|  0%| F|  |TAMS 0x0000000083800000, 0x0000000083800000| Untracked 
|  29|0x0000000083900000, 0x0000000083900000, 0x0000000083a00000|  0%| F|  |TAMS 0x0000000083900000, 0x0000000083900000| Untracked 
|  30|0x0000000083a00000, 0x0000000083a00000, 0x0000000083b00000|  0%| F|  |TAMS 0x0000000083a00000, 0x0000000083a00000| Untracked 
|  31|0x0000000083b00000, 0x0000000083b00000, 0x0000000083c00000|  0%| F|  |TAMS 0x0000000083b00000, 0x0000000083b00000| Untracked 
|  32|0x0000000083c00000, 0x0000000083c00000, 0x0000000083d00000|  0%| F|  |TAMS 0x0000000083c00000, 0x0000000083c00000| Untracked 
|  33|0x0000000083d00000, 0x0000000083d00000, 0x0000000083e00000|  0%| F|  |TAMS 0x0000000083d00000, 0x0000000083d00000| Untracked 
|  34|0x0000000083e00000, 0x0000000083e00000, 0x0000000083f00000|  0%| F|  |TAMS 0x0000000083e00000, 0x0000000083e00000| Untracked 
|  35|0x0000000083f00000, 0x0000000083f00000, 0x0000000084000000|  0%| F|  |TAMS 0x0000000083f00000, 0x0000000083f00000| Untracked 
|  36|0x0000000084000000, 0x0000000084000000, 0x0000000084100000|  0%| F|  |TAMS 0x0000000084000000, 0x0000000084000000| Untracked 
|  37|0x0000000084100000, 0x0000000084100000, 0x0000000084200000|  0%| F|  |TAMS 0x0000000084100000, 0x0000000084100000| Untracked 
|  38|0x0000000084200000, 0x0000000084200000, 0x0000000084300000|  0%| F|  |TAMS 0x0000000084200000, 0x0000000084200000| Untracked 
|  39|0x0000000084300000, 0x0000000084300000, 0x0000000084400000|  0%| F|  |TAMS 0x0000000084300000, 0x0000000084300000| Untracked 
|  40|0x0000000084400000, 0x0000000084400000, 0x0000000084500000|  0%| F|  |TAMS 0x0000000084400000, 0x0000000084400000| Untracked 
|  41|0x0000000084500000, 0x0000000084500000, 0x0000000084600000|  0%| F|  |TAMS 0x0000000084500000, 0x0000000084500000| Untracked 
|  42|0x0000000084600000, 0x0000000084600000, 0x0000000084700000|  0%| F|  |TAMS 0x0000000084600000, 0x0000000084600000| Untracked 
|  43|0x0000000084700000, 0x0000000084700000, 0x0000000084800000|  0%| F|  |TAMS 0x0000000084700000, 0x0000000084700000| Untracked 
|  44|0x0000000084800000, 0x0000000084800000, 0x0000000084900000|  0%| F|  |TAMS 0x0000000084800000, 0x0000000084800000| Untracked 
|  45|0x0000000084900000, 0x0000000084900000, 0x0000000084a00000|  0%| F|  |TAMS 0x0000000084900000, 0x0000000084900000| Untracked 
|  46|0x0000000084a00000, 0x0000000084a00000, 0x0000000084b00000|  0%| F|  |TAMS 0x0000000084a00000, 0x0000000084a00000| Untracked 
|  47|0x0000000084b00000, 0x0000000084b00000, 0x0000000084c00000|  0%| F|  |TAMS 0x0000000084b00000, 0x0000000084b00000| Untracked 
|  48|0x0000000084c00000, 0x0000000084c00000, 0x0000000084d00000|  0%| F|  |TAMS 0x0000000084c00000, 0x0000000084c00000| Untracked 
|  49|0x0000000084d00000, 0x0000000084d00000, 0x0000000084e00000|  0%| F|  |TAMS 0x0000000084d00000, 0x0000000084d00000| Untracked 
|  50|0x0000000084e00000, 0x0000000084e00000, 0x0000000084f00000|  0%| F|  |TAMS 0x0000000084e00000, 0x0000000084e00000| Untracked 
|  51|0x0000000084f00000, 0x0000000084f00000, 0x0000000085000000|  0%| F|  |TAMS 0x0000000084f00000, 0x0000000084f00000| Untracked 
|  52|0x0000000085000000, 0x0000000085000000, 0x0000000085100000|  0%| F|  |TAMS 0x0000000085000000, 0x0000000085000000| Untracked 
|  53|0x0000000085100000, 0x0000000085100000, 0x0000000085200000|  0%| F|  |TAMS 0x0000000085100000, 0x0000000085100000| Untracked 
|  54|0x0000000085200000, 0x0000000085200000, 0x0000000085300000|  0%| F|  |TAMS 0x0000000085200000, 0x0000000085200000| Untracked 
|  55|0x0000000085300000, 0x0000000085300000, 0x0000000085400000|  0%| F|  |TAMS 0x0000000085300000, 0x0000000085300000| Untracked 
|  56|0x0000000085400000, 0x0000000085400000, 0x0000000085500000|  0%| F|  |TAMS 0x0000000085400000, 0x0000000085400000| Untracked 
|  57|0x0000000085500000, 0x0000000085500000, 0x0000000085600000|  0%| F|  |TAMS 0x0000000085500000, 0x0000000085500000| Untracked 
|  58|0x0000000085600000, 0x0000000085600000, 0x0000000085700000|  0%| F|  |TAMS 0x0000000085600000, 0x0000000085600000| Untracked 
|  59|0x0000000085700000, 0x0000000085700000, 0x0000000085800000|  0%| F|  |TAMS 0x0000000085700000, 0x0000000085700000| Untracked 
|  60|0x0000000085800000, 0x0000000085800000, 0x0000000085900000|  0%| F|  |TAMS 0x0000000085800000, 0x0000000085800000| Untracked 
|  61|0x0000000085900000, 0x0000000085900000, 0x0000000085a00000|  0%| F|  |TAMS 0x0000000085900000, 0x0000000085900000| Untracked 
|  62|0x0000000085a00000, 0x0000000085a00000, 0x0000000085b00000|  0%| F|  |TAMS 0x0000000085a00000, 0x0000000085a00000| Untracked 
|  63|0x0000000085b00000, 0x0000000085b00000, 0x0000000085c00000|  0%| F|  |TAMS 0x0000000085b00000, 0x0000000085b00000| Untracked 
|  64|0x0000000085c00000, 0x0000000085c00000, 0x0000000085d00000|  0%| F|  |TAMS 0x0000000085c00000, 0x0000000085c00000| Untracked 
|  65|0x0000000085d00000, 0x0000000085d00000, 0x0000000085e00000|  0%| F|  |TAMS 0x0000000085d00000, 0x0000000085d00000| Untracked 
|  66|0x0000000085e00000, 0x0000000085e00000, 0x0000000085f00000|  0%| F|  |TAMS 0x0000000085e00000, 0x0000000085e00000| Untracked 
|  67|0x0000000085f00000, 0x0000000085f00000, 0x0000000086000000|  0%| F|  |TAMS 0x0000000085f00000, 0x0000000085f00000| Untracked 
|  68|0x0000000086000000, 0x0000000086000000, 0x0000000086100000|  0%| F|  |TAMS 0x0000000086000000, 0x0000000086000000| Untracked 
|  69|0x0000000086100000, 0x0000000086100000, 0x0000000086200000|  0%| F|  |TAMS 0x0000000086100000, 0x0000000086100000| Untracked 
|  70|0x0000000086200000, 0x0000000086200000, 0x0000000086300000|  0%| F|  |TAMS 0x0000000086200000, 0x0000000086200000| Untracked 
|  71|0x0000000086300000, 0x0000000086300000, 0x0000000086400000|  0%| F|  |TAMS 0x0000000086300000, 0x0000000086300000| Untracked 
|  72|0x0000000086400000, 0x0000000086400000, 0x0000000086500000|  0%| F|  |TAMS 0x0000000086400000, 0x0000000086400000| Untracked 
|  73|0x0000000086500000, 0x0000000086500000, 0x0000000086600000|  0%| F|  |TAMS 0x0000000086500000, 0x0000000086500000| Untracked 
|  74|0x0000000086600000, 0x0000000086600000, 0x0000000086700000|  0%| F|  |TAMS 0x0000000086600000, 0x0000000086600000| Untracked 
|  75|0x0000000086700000, 0x0000000086700000, 0x0000000086800000|  0%| F|  |TAMS 0x0000000086700000, 0x0000000086700000| Untracked 
|  76|0x0000000086800000, 0x0000000086800000, 0x0000000086900000|  0%| F|  |TAMS 0x0000000086800000, 0x0000000086800000| Untracked 
|  77|0x0000000086900000, 0x0000000086900000, 0x0000000086a00000|  0%| F|  |TAMS 0x0000000086900000, 0x0000000086900000| Untracked 
|  78|0x0000000086a00000, 0x0000000086a00000, 0x0000000086b00000|  0%| F|  |TAMS 0x0000000086a00000, 0x0000000086a00000| Untracked 
|  79|0x0000000086b00000, 0x0000000086b00000, 0x0000000086c00000|  0%| F|  |TAMS 0x0000000086b00000, 0x0000000086b00000| Untracked 
|  80|0x0000000086c00000, 0x0000000086c00000, 0x0000000086d00000|  0%| F|  |TAMS 0x0000000086c00000, 0x0000000086c00000| Untracked 
|  81|0x0000000086d00000, 0x0000000086d00000, 0x0000000086e00000|  0%| F|  |TAMS 0x0000000086d00000, 0x0000000086d00000| Untracked 
|  82|0x0000000086e00000, 0x0000000086e00000, 0x0000000086f00000|  0%| F|  |TAMS 0x0000000086e00000, 0x0000000086e00000| Untracked 
|  83|0x0000000086f00000, 0x0000000086f00000, 0x0000000087000000|  0%| F|  |TAMS 0x0000000086f00000, 0x0000000086f00000| Untracked 
|  84|0x0000000087000000, 0x0000000087000000, 0x0000000087100000|  0%| F|  |TAMS 0x0000000087000000, 0x0000000087000000| Untracked 
|  85|0x0000000087100000, 0x0000000087100000, 0x0000000087200000|  0%| F|  |TAMS 0x0000000087100000, 0x0000000087100000| Untracked 
|  86|0x0000000087200000, 0x0000000087200000, 0x0000000087300000|  0%| F|  |TAMS 0x0000000087200000, 0x0000000087200000| Untracked 
|  87|0x0000000087300000, 0x0000000087300000, 0x0000000087400000|  0%| F|  |TAMS 0x0000000087300000, 0x0000000087300000| Untracked 
|  88|0x0000000087400000, 0x0000000087400000, 0x0000000087500000|  0%| F|  |TAMS 0x0000000087400000, 0x0000000087400000| Untracked 
|  89|0x0000000087500000, 0x0000000087500000, 0x0000000087600000|  0%| F|  |TAMS 0x0000000087500000, 0x0000000087500000| Untracked 
|  90|0x0000000087600000, 0x0000000087600000, 0x0000000087700000|  0%| F|  |TAMS 0x0000000087600000, 0x0000000087600000| Untracked 
|  91|0x0000000087700000, 0x0000000087700000, 0x0000000087800000|  0%| F|  |TAMS 0x0000000087700000, 0x0000000087700000| Untracked 
|  92|0x0000000087800000, 0x0000000087800000, 0x0000000087900000|  0%| F|  |TAMS 0x0000000087800000, 0x0000000087800000| Untracked 
|  93|0x0000000087900000, 0x0000000087900000, 0x0000000087a00000|  0%| F|  |TAMS 0x0000000087900000, 0x0000000087900000| Untracked 
|  94|0x0000000087a00000, 0x0000000087a00000, 0x0000000087b00000|  0%| F|  |TAMS 0x0000000087a00000, 0x0000000087a00000| Untracked 
|  95|0x0000000087b00000, 0x0000000087b00000, 0x0000000087c00000|  0%| F|  |TAMS 0x0000000087b00000, 0x0000000087b00000| Untracked 
|  96|0x0000000087c00000, 0x0000000087c00000, 0x0000000087d00000|  0%| F|  |TAMS 0x0000000087c00000, 0x0000000087c00000| Untracked 
|  97|0x0000000087d00000, 0x0000000087d00000, 0x0000000087e00000|  0%| F|  |TAMS 0x0000000087d00000, 0x0000000087d00000| Untracked 
|  98|0x0000000087e00000, 0x0000000087e00000, 0x0000000087f00000|  0%| F|  |TAMS 0x0000000087e00000, 0x0000000087e00000| Untracked 
|  99|0x0000000087f00000, 0x0000000087f00000, 0x0000000088000000|  0%| F|  |TAMS 0x0000000087f00000, 0x0000000087f00000| Untracked 
| 100|0x0000000088000000, 0x0000000088000000, 0x0000000088100000|  0%| F|  |TAMS 0x0000000088000000, 0x0000000088000000| Untracked 
| 101|0x0000000088100000, 0x0000000088100000, 0x0000000088200000|  0%| F|  |TAMS 0x0000000088100000, 0x0000000088100000| Untracked 
| 102|0x0000000088200000, 0x0000000088219720, 0x0000000088300000|  9%| S|CS|TAMS 0x0000000088200000, 0x0000000088200000| Complete 
| 103|0x0000000088300000, 0x0000000088400000, 0x0000000088400000|100%| S|CS|TAMS 0x0000000088300000, 0x0000000088300000| Complete 
| 104|0x0000000088400000, 0x0000000088500000, 0x0000000088500000|100%| S|CS|TAMS 0x0000000088400000, 0x0000000088400000| Complete 
| 105|0x0000000088500000, 0x000000008851b8d0, 0x0000000088600000| 10%| E|  |TAMS 0x0000000088500000, 0x0000000088500000| Complete 
| 106|0x0000000088600000, 0x0000000088700000, 0x0000000088700000|100%| E|CS|TAMS 0x0000000088600000, 0x0000000088600000| Complete 
| 107|0x0000000088700000, 0x0000000088800000, 0x0000000088800000|100%| E|CS|TAMS 0x0000000088700000, 0x0000000088700000| Complete 
| 108|0x0000000088800000, 0x0000000088900000, 0x0000000088900000|100%| E|CS|TAMS 0x0000000088800000, 0x0000000088800000| Complete 
| 109|0x0000000088900000, 0x0000000088a00000, 0x0000000088a00000|100%| E|CS|TAMS 0x0000000088900000, 0x0000000088900000| Complete 
| 110|0x0000000088a00000, 0x0000000088b00000, 0x0000000088b00000|100%| E|CS|TAMS 0x0000000088a00000, 0x0000000088a00000| Complete 
| 111|0x0000000088b00000, 0x0000000088c00000, 0x0000000088c00000|100%| E|  |TAMS 0x0000000088b00000, 0x0000000088b00000| Complete 
| 112|0x0000000088c00000, 0x0000000088d00000, 0x0000000088d00000|100%| E|CS|TAMS 0x0000000088c00000, 0x0000000088c00000| Complete 
| 113|0x0000000088d00000, 0x0000000088e00000, 0x0000000088e00000|100%| E|CS|TAMS 0x0000000088d00000, 0x0000000088d00000| Complete 
| 114|0x0000000088e00000, 0x0000000088f00000, 0x0000000088f00000|100%| E|CS|TAMS 0x0000000088e00000, 0x0000000088e00000| Complete 
| 115|0x0000000088f00000, 0x0000000089000000, 0x0000000089000000|100%| E|CS|TAMS 0x0000000088f00000, 0x0000000088f00000| Complete 
| 116|0x0000000089000000, 0x0000000089100000, 0x0000000089100000|100%| E|CS|TAMS 0x0000000089000000, 0x0000000089000000| Complete 
| 117|0x0000000089100000, 0x0000000089200000, 0x0000000089200000|100%| E|CS|TAMS 0x0000000089100000, 0x0000000089100000| Complete 
| 118|0x0000000089200000, 0x0000000089300000, 0x0000000089300000|100%| E|CS|TAMS 0x0000000089200000, 0x0000000089200000| Complete 
| 119|0x0000000089300000, 0x0000000089400000, 0x0000000089400000|100%| E|CS|TAMS 0x0000000089300000, 0x0000000089300000| Complete 
| 120|0x0000000089400000, 0x0000000089500000, 0x0000000089500000|100%| E|CS|TAMS 0x0000000089400000, 0x0000000089400000| Complete 
| 121|0x0000000089500000, 0x0000000089600000, 0x0000000089600000|100%| E|CS|TAMS 0x0000000089500000, 0x0000000089500000| Complete 
| 122|0x0000000089600000, 0x0000000089700000, 0x0000000089700000|100%| E|CS|TAMS 0x0000000089600000, 0x0000000089600000| Complete 
| 123|0x0000000089700000, 0x0000000089800000, 0x0000000089800000|100%| E|CS|TAMS 0x0000000089700000, 0x0000000089700000| Complete 
| 124|0x0000000089800000, 0x0000000089900000, 0x0000000089900000|100%| E|CS|TAMS 0x0000000089800000, 0x0000000089800000| Complete 
| 125|0x0000000089900000, 0x0000000089a00000, 0x0000000089a00000|100%| E|CS|TAMS 0x0000000089900000, 0x0000000089900000| Complete 
| 126|0x0000000089a00000, 0x0000000089b00000, 0x0000000089b00000|100%| E|CS|TAMS 0x0000000089a00000, 0x0000000089a00000| Complete 
| 127|0x0000000089b00000, 0x0000000089c00000, 0x0000000089c00000|100%| E|CS|TAMS 0x0000000089b00000, 0x0000000089b00000| Complete 

Card table byte_map: [0x0000019cf42c0000,0x0000019cf46c0000] _byte_map_base: 0x0000019cf3eb2000

Marking Bits (Prev, Next): (CMBitMap*) 0x0000019cea816580, (CMBitMap*) 0x0000019cea8165c0
 Prev Bits: [0x0000019cf4ac0000, 0x0000019cf6a50000)
 Next Bits: [0x0000019cf6a50000, 0x0000019cf89e0000)

Polling page: 0x0000019cea610000

Metaspace:

Usage:
  Non-class:     14.11 MB used.
      Class:      1.99 MB used.
       Both:     16.10 MB used.

Virtual space:
  Non-class space:       64.00 MB reserved,      14.25 MB ( 22%) committed,  1 nodes.
      Class space:        1.00 GB reserved,       2.12 MB ( <1%) committed,  1 nodes.
             Both:        1.06 GB reserved,      16.38 MB (  2%) committed. 

Chunk freelists:
   Non-Class:  1.72 MB
       Class:  1.91 MB
        Both:  3.62 MB

MaxMetaspaceSize: unlimited
CompressedClassSpaceSize: 1.00 GB
Initial GC threshold: 21.00 MB
Current GC threshold: 21.00 MB
CDS: on
MetaspaceReclaimPolicy: balanced
 - commit_granule_bytes: 65536.
 - commit_granule_words: 8192.
 - virtual_space_node_default_size: 8388608.
 - enlarge_chunks_in_place: 1.
 - new_chunks_are_fully_committed: 0.
 - uncommit_free_chunks: 1.
 - use_allocation_guard: 0.


Internal statistics:

num_allocs_failed_limit: 0.
num_arena_births: 236.
num_arena_deaths: 0.
num_vsnodes_births: 2.
num_vsnodes_deaths: 0.
num_space_committed: 262.
num_space_uncommitted: 0.
num_chunks_returned_to_freelist: 0.
num_chunks_taken_from_freelist: 746.
num_chunk_merges: 0.
num_chunk_splits: 513.
num_chunks_enlarged: 408.
num_inconsistent_stats: 0.

CodeHeap 'non-profiled nmethods': size=120000Kb used=761Kb max_used=761Kb free=119239Kb
 bounds [0x0000019c87ad0000, 0x0000019c87d40000, 0x0000019c8f000000]
CodeHeap 'profiled nmethods': size=120000Kb used=4410Kb max_used=4410Kb free=115589Kb
 bounds [0x0000019c805a0000, 0x0000019c809f0000, 0x0000019c87ad0000]
CodeHeap 'non-nmethods': size=5760Kb used=1198Kb max_used=1215Kb free=4561Kb
 bounds [0x0000019c80000000, 0x0000019c80270000, 0x0000019c805a0000]
 total_blobs=2707 nmethods=2226 adapters=393
 compilation: enabled
              stopped_count=0, restarted_count=0
 full_count=0

Compilation events (20 events):
Event: 6.059 Thread 0x0000019cfafdae30 nmethod 2138 0x0000019c809b6490 code [0x0000019c809b6620, 0x0000019c809b6798]
Event: 6.061 Thread 0x0000019cfafdae30 2140       1       org.springframework.core.type.classreading.SimpleAnnotationMetadata::getClassName (5 bytes)
Event: 6.061 Thread 0x0000019cfafdae30 nmethod 2140 0x0000019c87b85990 code [0x0000019c87b85b20, 0x0000019c87b85bf8]
Event: 6.064 Thread 0x0000019cfafdae30 2141       3       java.lang.Package$VersionInfo::getInstance (53 bytes)
Event: 6.065 Thread 0x0000019cfafdae30 nmethod 2141 0x0000019c809b6890 code [0x0000019c809b6a40, 0x0000019c809b6e08]
Event: 6.070 Thread 0x0000019cfafdae30 2142       3       sun.util.locale.LocaleUtils::toTitleString (139 bytes)
Event: 6.074 Thread 0x0000019cfafdae30 nmethod 2142 0x0000019c809b6f10 code [0x0000019c809b7280, 0x0000019c809b8c48]
Event: 6.074 Thread 0x0000019cfafdae30 2143       3       java.util.Locale::getInstance (55 bytes)
Event: 6.075 Thread 0x0000019cfafdae30 nmethod 2143 0x0000019c809b9510 code [0x0000019c809b9720, 0x0000019c809b9f38]
Event: 6.075 Thread 0x0000019cfafdae30 2144       3       sun.util.locale.LanguageTag::<init> (50 bytes)
Event: 6.075 Thread 0x0000019cfafdae30 nmethod 2144 0x0000019c809ba110 code [0x0000019c809ba300, 0x0000019c809ba898]
Event: 6.075 Thread 0x0000019cfafdae30 2145       3       sun.util.locale.LanguageTag::isLanguage (29 bytes)
Event: 6.077 Thread 0x0000019cfafdae30 nmethod 2145 0x0000019c809ba990 code [0x0000019c809babe0, 0x0000019c809bb6b8]
Event: 6.077 Thread 0x0000019cfafdae30 2146       3       sun.util.locale.LanguageTag::getVariants (24 bytes)
Event: 6.078 Thread 0x0000019cfafdae30 nmethod 2146 0x0000019c809bba90 code [0x0000019c809bbc60, 0x0000019c809bbf38]
Event: 6.078 Thread 0x0000019cfafdae30 2147       3       sun.util.locale.LanguageTag::getExtensions (24 bytes)
Event: 6.078 Thread 0x0000019cfafdae30 nmethod 2147 0x0000019c809bc010 code [0x0000019c809bc1e0, 0x0000019c809bc4b8]
Event: 6.078 Thread 0x0000019cfafdae30 2148       3       sun.util.locale.BaseLocale::convertOldISOCodes (238 bytes)
Event: 6.080 Thread 0x0000019cfafdae30 nmethod 2148 0x0000019c809bc590 code [0x0000019c809bc7c0, 0x0000019c809bcf08]
Event: 6.087 Thread 0x0000019cfafdae30 2149       3       sun.util.locale.InternalLocaleBuilder::<init> (29 bytes)

GC Heap History (6 events):
Event: 1.973 GC heap before
{Heap before GC invocations=0 (full 0):
 garbage-first heap   total 131072K, used 14336K [0x0000000081c00000, 0x0000000100000000)
  region size 1024K, 13 young (13312K), 0 survivors (0K)
 Metaspace       used 3281K, committed 3456K, reserved 1114112K
  class space    used 307K, committed 384K, reserved 1048576K
}
Event: 1.986 GC heap after
{Heap after GC invocations=1 (full 0):
 garbage-first heap   total 131072K, used 6798K [0x0000000081c00000, 0x0000000100000000)
  region size 1024K, 2 young (2048K), 2 survivors (2048K)
 Metaspace       used 3281K, committed 3456K, reserved 1114112K
  class space    used 307K, committed 384K, reserved 1048576K
}
Event: 2.797 GC heap before
{Heap before GC invocations=1 (full 0):
 garbage-first heap   total 131072K, used 14990K [0x0000000081c00000, 0x0000000100000000)
  region size 1024K, 11 young (11264K), 2 survivors (2048K)
 Metaspace       used 5280K, committed 5504K, reserved 1114112K
  class space    used 574K, committed 704K, reserved 1048576K
}
Event: 2.803 GC heap after
{Heap after GC invocations=2 (full 0):
 garbage-first heap   total 131072K, used 7298K [0x0000000081c00000, 0x0000000100000000)
  region size 1024K, 1 young (1024K), 1 survivors (1024K)
 Metaspace       used 5280K, committed 5504K, reserved 1114112K
  class space    used 574K, committed 704K, reserved 1048576K
}
Event: 4.758 GC heap before
{Heap before GC invocations=2 (full 0):
 garbage-first heap   total 131072K, used 28802K [0x0000000081c00000, 0x0000000100000000)
  region size 1024K, 23 young (23552K), 1 survivors (1024K)
 Metaspace       used 11191K, committed 11392K, reserved 1114112K
  class space    used 1362K, committed 1472K, reserved 1048576K
}
Event: 4.767 GC heap after
{Heap after GC invocations=3 (full 0):
 garbage-first heap   total 131072K, used 8912K [0x0000000081c00000, 0x0000000100000000)
  region size 1024K, 3 young (3072K), 3 survivors (3072K)
 Metaspace       used 11191K, committed 11392K, reserved 1114112K
  class space    used 1362K, committed 1472K, reserved 1048576K
}

Deoptimization events (20 events):
Event: 5.452 Thread 0x0000019cffa38750 Uncommon trap: trap_request=0xffffff45 fr.pc=0x0000019c87afcb94 relative=0x0000000000000174
Event: 5.452 Thread 0x0000019cffa38750 Uncommon trap: reason=unstable_if action=reinterpret pc=0x0000019c87afcb94 method=java.util.zip.ZipCoder.hash(Ljava/lang/String;)I @ 23 c2
Event: 5.452 Thread 0x0000019cffa38750 DEOPT PACKING pc=0x0000019c87afcb94 sp=0x00000075b8bfd8c0
Event: 5.452 Thread 0x0000019cffa38750 DEOPT UNPACKING pc=0x0000019c800523a3 sp=0x00000075b8bfd848 mode 2
Event: 5.455 Thread 0x0000019cffa38750 Uncommon trap: trap_request=0xffffff45 fr.pc=0x0000019c87aeadc0 relative=0x0000000000000040
Event: 5.455 Thread 0x0000019cffa38750 Uncommon trap: reason=unstable_if action=reinterpret pc=0x0000019c87aeadc0 method=sun.nio.fs.WindowsPathParser.isSlash(C)Z @ 9 c2
Event: 5.455 Thread 0x0000019cffa38750 DEOPT PACKING pc=0x0000019c87aeadc0 sp=0x00000075b8bfdae0
Event: 5.455 Thread 0x0000019cffa38750 DEOPT UNPACKING pc=0x0000019c800523a3 sp=0x00000075b8bfda68 mode 2
Event: 5.668 Thread 0x0000019cffa38750 Uncommon trap: trap_request=0xffffff45 fr.pc=0x0000019c87b5604c relative=0x000000000000012c
Event: 5.668 Thread 0x0000019cffa38750 Uncommon trap: reason=unstable_if action=reinterpret pc=0x0000019c87b5604c method=java.util.Arrays.equals([Ljava/lang/Object;[Ljava/lang/Object;)Z @ 44 c2
Event: 5.668 Thread 0x0000019cffa38750 DEOPT PACKING pc=0x0000019c87b5604c sp=0x00000075b8bfd0d0
Event: 5.668 Thread 0x0000019cffa38750 DEOPT UNPACKING pc=0x0000019c800523a3 sp=0x00000075b8bfd070 mode 2
Event: 5.702 Thread 0x0000019cffa38750 Uncommon trap: trap_request=0xffffff45 fr.pc=0x0000019c87b3ddf4 relative=0x0000000000000a74
Event: 5.702 Thread 0x0000019cffa38750 Uncommon trap: reason=unstable_if action=reinterpret pc=0x0000019c87b3ddf4 method=jdk.internal.org.objectweb.asm.SymbolTable.put(Ljdk/internal/org/objectweb/asm/SymbolTable$Entry;)Ljdk/internal/org/objectweb/asm/SymbolTable$Entry; @ 13 c2
Event: 5.702 Thread 0x0000019cffa38750 DEOPT PACKING pc=0x0000019c87b3ddf4 sp=0x00000075b8bfc750
Event: 5.702 Thread 0x0000019cffa38750 DEOPT UNPACKING pc=0x0000019c800523a3 sp=0x00000075b8bfc688 mode 2
Event: 5.963 Thread 0x0000019cffa38750 Uncommon trap: trap_request=0xffffffc6 fr.pc=0x0000019c87b76640 relative=0x0000000000001aa0
Event: 5.963 Thread 0x0000019cffa38750 Uncommon trap: reason=bimorphic_or_optimized_type_check action=maybe_recompile pc=0x0000019c87b76640 method=java.util.HashMap.putVal(ILjava/lang/Object;Ljava/lang/Object;ZZ)Ljava/lang/Object; @ 91 c2
Event: 5.963 Thread 0x0000019cffa38750 DEOPT PACKING pc=0x0000019c87b76640 sp=0x00000075b8bfe090
Event: 5.963 Thread 0x0000019cffa38750 DEOPT UNPACKING pc=0x0000019c800523a3 sp=0x00000075b8bfdf38 mode 2

Classes loaded (20 events):
Event: 5.553 Loading class jdk/xml/internal/XMLSecurityManager$NameMap
Event: 5.553 Loading class jdk/xml/internal/XMLSecurityManager$NameMap done
Event: 5.554 Loading class jdk/xml/internal/JdkProperty
Event: 5.554 Loading class jdk/xml/internal/JdkProperty done
Event: 5.847 Loading class java/beans/Transient
Event: 5.847 Loading class java/beans/Transient done
Event: 5.847 Loading class java/beans/ConstructorProperties
Event: 5.851 Loading class java/beans/ConstructorProperties done
Event: 5.859 Loading class java/io/InvalidObjectException
Event: 5.859 Loading class java/io/InvalidObjectException done
Event: 5.868 Loading class java/util/concurrent/ConcurrentLinkedQueue
Event: 5.869 Loading class java/util/concurrent/ConcurrentLinkedQueue done
Event: 5.869 Loading class java/util/concurrent/ConcurrentLinkedQueue$Node
Event: 5.869 Loading class java/util/concurrent/ConcurrentLinkedQueue$Node done
Event: 5.888 Loading class java/util/concurrent/atomic/AtomicLongArray
Event: 5.888 Loading class java/util/concurrent/atomic/AtomicLongArray done
Event: 5.888 Loading class java/lang/invoke/VarHandleLongs$Array
Event: 5.904 Loading class java/lang/invoke/VarHandleLongs$Array done
Event: 5.905 Loading class java/util/concurrent/atomic/AtomicReferenceArray
Event: 5.905 Loading class java/util/concurrent/atomic/AtomicReferenceArray done

Classes unloaded (0 events):
No events

Classes redefined (0 events):
No events

Internal exceptions (20 events):
Event: 3.613 Thread 0x0000019cffa38750 Exception <a 'java/lang/NoSuchMethodError'{0x0000000089342708}: 'int java.lang.invoke.DirectMethodHandle$Holder.invokeInterface(java.lang.Object, java.lang.Object)'> (0x0000000089342708) 
thrown [s\open\src\hotspot\share\interpreter\linkResolver.cpp, line 759]
Event: 3.630 Thread 0x0000019cffa38750 Exception <a 'java/lang/NoSuchMethodError'{0x0000000089368da0}: 'void java.lang.invoke.DirectMethodHandle$Holder.invokeSpecial(java.lang.Object, java.lang.Object, java.lang.Object, java.lang.Object, java.lang.Object)'> (0x0000000089368da0) 
thrown [s\open\src\hotspot\share\interpreter\linkResolver.cpp, line 759]
Event: 3.674 Thread 0x0000019cffa38750 Exception <a 'java/lang/NoSuchMethodError'{0x00000000893b5e08}: 'int java.lang.invoke.DirectMethodHandle$Holder.invokeVirtual(java.lang.Object, java.lang.Object)'> (0x00000000893b5e08) 
thrown [s\open\src\hotspot\share\interpreter\linkResolver.cpp, line 759]
Event: 3.751 Thread 0x0000019cffa38750 Exception <a 'java/lang/NoSuchMethodError'{0x0000000089154e58}: 'java.lang.Object java.lang.invoke.DirectMethodHandle$Holder.invokeSpecial(java.lang.Object, java.lang.Object, java.lang.Object, int, java.lang.Object)'> (0x0000000089154e58) 
thrown [s\open\src\hotspot\share\interpreter\linkResolver.cpp, line 759]
Event: 3.753 Thread 0x0000019cffa38750 Exception <a 'java/lang/NoSuchMethodError'{0x000000008915d730}: 'java.lang.Object java.lang.invoke.DirectMethodHandle$Holder.newInvokeSpecial(java.lang.Object, java.lang.Object, java.lang.Object, int, java.lang.Object)'> (0x000000008915d730) 
thrown [s\open\src\hotspot\share\interpreter\linkResolver.cpp, line 759]
Event: 3.757 Thread 0x0000019cffa38750 Exception <a 'java/lang/NoSuchMethodError'{0x00000000891653f0}: 'java.lang.Object java.lang.invoke.Invokers$Holder.linkToTargetMethod(java.lang.Object, java.lang.Object, int, java.lang.Object, java.lang.Object)'> (0x00000000891653f0) 
thrown [s\open\src\hotspot\share\interpreter\linkResolver.cpp, line 759]
Event: 3.761 Thread 0x0000019cffa38750 Exception <a 'java/lang/NoSuchMethodError'{0x0000000089174898}: 'java.lang.Object java.lang.invoke.DirectMethodHandle$Holder.newInvokeSpecial(java.lang.Object, int, java.lang.Object)'> (0x0000000089174898) 
thrown [s\open\src\hotspot\share\interpreter\linkResolver.cpp, line 759]
Event: 3.765 Thread 0x0000019cffa38750 Exception <a 'java/lang/NoSuchMethodError'{0x0000000089179588}: 'int java.lang.invoke.DirectMethodHandle$Holder.invokeSpecialIFC(java.lang.Object, java.lang.Object, java.lang.Object, java.lang.Object)'> (0x0000000089179588) 
thrown [s\open\src\hotspot\share\interpreter\linkResolver.cpp, line 759]
Event: 3.869 Thread 0x0000019cffa38750 Exception <a 'java/lang/NoSuchMethodError'{0x00000000890492d8}: 'void java.lang.invoke.DirectMethodHandle$Holder.invokeInterface(java.lang.Object, java.lang.Object, java.lang.Object)'> (0x00000000890492d8) 
thrown [s\open\src\hotspot\share\interpreter\linkResolver.cpp, line 759]
Event: 3.967 Thread 0x0000019cffa38750 Exception <a 'java/lang/NoSuchMethodError'{0x00000000890ef398}: 'void java.lang.invoke.DirectMethodHandle$Holder.invokeStaticInit(java.lang.Object, java.lang.Object, java.lang.Object)'> (0x00000000890ef398) 
thrown [s\open\src\hotspot\share\interpreter\linkResolver.cpp, line 759]
Event: 3.986 Thread 0x0000019cffa38750 Exception <a 'java/lang/NoSuchMethodError'{0x0000000088f37eb0}: 'java.lang.Object java.lang.invoke.DirectMethodHandle$Holder.invokeVirtual(java.lang.Object, java.lang.Object, java.lang.Object)'> (0x0000000088f37eb0) 
thrown [s\open\src\hotspot\share\interpreter\linkResolver.cpp, line 759]
Event: 4.003 Thread 0x0000019cffa38750 Exception <a 'java/lang/NoSuchMethodError'{0x0000000088f58ff8}: 'java.lang.Object java.lang.invoke.DirectMethodHandle$Holder.invokeStatic(java.lang.Object, java.lang.Object, long, java.lang.Object)'> (0x0000000088f58ff8) 
thrown [s\open\src\hotspot\share\interpreter\linkResolver.cpp, line 759]
Event: 4.004 Thread 0x0000019cffa38750 Exception <a 'java/lang/NoSuchMethodError'{0x0000000088f5ca88}: 'java.lang.Object java.lang.invoke.DirectMethodHandle$Holder.invokeStaticInit(java.lang.Object, java.lang.Object, long, java.lang.Object)'> (0x0000000088f5ca88) 
thrown [s\open\src\hotspot\share\interpreter\linkResolver.cpp, line 759]
Event: 4.006 Thread 0x0000019cffa38750 Exception <a 'java/lang/NoSuchMethodError'{0x0000000088f633e0}: 'java.lang.Object java.lang.invoke.DirectMethodHandle$Holder.newInvokeSpecial(java.lang.Object, java.lang.Object, long)'> (0x0000000088f633e0) 
thrown [s\open\src\hotspot\share\interpreter\linkResolver.cpp, line 759]
Event: 4.007 Thread 0x0000019cffa38750 Exception <a 'java/lang/NoSuchMethodError'{0x0000000088f66f58}: 'java.lang.Object java.lang.invoke.Invokers$Holder.linkToTargetMethod(java.lang.Object, long, java.lang.Object)'> (0x0000000088f66f58) 
thrown [s\open\src\hotspot\share\interpreter\linkResolver.cpp, line 759]
Event: 4.077 Thread 0x0000019cffa38750 Exception <a 'java/lang/NoSuchMethodError'{0x0000000088fc0fd8}: 'void java.lang.invoke.DirectMethodHandle$Holder.invokeVirtual(java.lang.Object, java.lang.Object, java.lang.Object, java.lang.Object)'> (0x0000000088fc0fd8) 
thrown [s\open\src\hotspot\share\interpreter\linkResolver.cpp, line 759]
Event: 4.270 Thread 0x0000019cffa38750 Exception <a 'java/lang/IncompatibleClassChangeError'{0x0000000088d6a938}: Found class java.lang.Object, but interface was expected> (0x0000000088d6a938) 
thrown [s\open\src\hotspot\share\interpreter\linkResolver.cpp, line 826]
Event: 5.459 Thread 0x0000019cffa38750 Exception <a 'sun/nio/fs/WindowsException'{0x0000000089039dd0}> (0x0000000089039dd0) 
thrown [s\open\src\hotspot\share\prims\jni.cpp, line 516]
Event: 5.464 Thread 0x0000019cffa38750 Exception <a 'java/lang/NoSuchMethodError'{0x000000008903b608}: 'int java.lang.invoke.DirectMethodHandle$Holder.invokeSpecial(java.lang.Object, java.lang.Object, java.lang.Object, java.lang.Object, java.lang.Object)'> (0x000000008903b608) 
thrown [s\open\src\hotspot\share\interpreter\linkResolver.cpp, line 759]
Event: 5.470 Thread 0x0000019cffa38750 Exception <a 'java/lang/NoSuchMethodError'{0x00000000890441b8}: 'void java.lang.invoke.DirectMethodHandle$Holder.invokeVirtual(java.lang.Object, java.lang.Object)'> (0x00000000890441b8) 
thrown [s\open\src\hotspot\share\interpreter\linkResolver.cpp, line 759]

VM Operations (20 events):
Event: 2.796 Executing VM operation: G1CollectForAllocation
Event: 2.803 Executing VM operation: G1CollectForAllocation done
Event: 2.925 Executing VM operation: HandshakeAllThreads
Event: 2.925 Executing VM operation: HandshakeAllThreads done
Event: 3.664 Executing VM operation: HandshakeAllThreads
Event: 3.664 Executing VM operation: HandshakeAllThreads done
Event: 4.215 Executing VM operation: HandshakeAllThreads
Event: 4.215 Executing VM operation: HandshakeAllThreads done
Event: 4.215 Executing VM operation: Cleanup
Event: 4.215 Executing VM operation: Cleanup done
Event: 4.230 Executing VM operation: HandshakeAllThreads
Event: 4.230 Executing VM operation: HandshakeAllThreads done
Event: 4.231 Executing VM operation: HandshakeAllThreads
Event: 4.231 Executing VM operation: HandshakeAllThreads done
Event: 4.758 Executing VM operation: G1CollectForAllocation
Event: 4.767 Executing VM operation: G1CollectForAllocation done
Event: 5.137 Executing VM operation: HandshakeAllThreads
Event: 5.137 Executing VM operation: HandshakeAllThreads done
Event: 5.363 Executing VM operation: HandshakeAllThreads
Event: 5.363 Executing VM operation: HandshakeAllThreads done

Events (20 events):
Event: 0.518 Thread 0x0000019cfb06ea50 Thread added: 0x0000019cfb06ea50
Event: 0.595 Loaded shared library C:\Program Files\Java\jdk-18.0.2\bin\zip.dll
Event: 0.604 Loaded shared library C:\Program Files\Java\jdk-18.0.2\bin\instrument.dll
Event: 0.622 Loaded shared library C:\Program Files\Java\jdk-18.0.2\bin\net.dll
Event: 0.628 Loaded shared library C:\Program Files\Java\jdk-18.0.2\bin\nio.dll
Event: 0.636 Loaded shared library C:\Program Files\Java\jdk-18.0.2\bin\zip.dll
Event: 1.039 Loaded shared library C:\Program Files\Java\jdk-18.0.2\bin\jimage.dll
Event: 1.085 Loaded shared library C:\Program Files\JetBrains\IntelliJ IDEA Community Edition 2022.1.3\bin\breakgen64.dll
Event: 1.086 Thread 0x0000019cff7fe500 Thread added: 0x0000019cff7fe500
Event: 1.086 Thread 0x0000019cff7fe9c0 Thread added: 0x0000019cff7fe9c0
Event: 1.091 Thread 0x0000019cfafdcc90 Thread added: 0x0000019cfafdcc90
Event: 2.070 Thread 0x0000019cfafdcc90 Thread exited: 0x0000019cfafdcc90
Event: 2.431 Loaded shared library C:\Program Files\Java\jdk-18.0.2\bin\management.dll
Event: 2.437 Loaded shared library C:\Program Files\Java\jdk-18.0.2\bin\management_ext.dll
Event: 2.660 Thread 0x0000019cffac2390 Thread added: 0x0000019cffac2390
Event: 2.668 Thread 0x0000019cffa38750 Thread added: 0x0000019cffa38750
Event: 3.795 Thread 0x0000019cfafdb340 Thread added: 0x0000019cfafdb340
Event: 4.227 Thread 0x0000019cfafdb340 Thread exited: 0x0000019cfafdb340
Event: 4.253 Thread 0x0000019c8f0a7bf0 Thread added: 0x0000019c8f0a7bf0
Event: 5.659 Thread 0x0000019cfafdc780 Thread added: 0x0000019cfafdc780


Dynamic libraries:
0x00007ff7e1c00000 - 0x00007ff7e1c10000 	C:\Program Files\Java\jdk-18.0.2\bin\java.exe
0x00007ffabac50000 - 0x00007ffabae48000 	C:\WINDOWS\SYSTEM32\ntdll.dll
0x00007ffab9d00000 - 0x00007ffab9dc1000 	C:\WINDOWS\System32\KERNEL32.DLL
0x00007ffab8980000 - 0x00007ffab8c7d000 	C:\WINDOWS\System32\KERNELBASE.dll
0x00007ffab8880000 - 0x00007ffab8980000 	C:\WINDOWS\System32\ucrtbase.dll
0x00007ffab08e0000 - 0x00007ffab08f8000 	C:\Program Files\Java\jdk-18.0.2\bin\jli.dll
0x00007ffab9e40000 - 0x00007ffab9ef0000 	C:\WINDOWS\System32\ADVAPI32.dll
0x00007ffab9ef0000 - 0x00007ffab9f8e000 	C:\WINDOWS\System32\msvcrt.dll
0x00007ffabaaa0000 - 0x00007ffabab40000 	C:\WINDOWS\System32\sechost.dll
0x00007ffab9ab0000 - 0x00007ffab9bd3000 	C:\WINDOWS\System32\RPCRT4.dll
0x00007ffab84f0000 - 0x00007ffab8517000 	C:\WINDOWS\System32\bcrypt.dll
0x00007ffab91a0000 - 0x00007ffab933d000 	C:\WINDOWS\System32\USER32.dll
0x00007ffab84c0000 - 0x00007ffab84e2000 	C:\WINDOWS\System32\win32u.dll
0x00007ffab9a80000 - 0x00007ffab9aab000 	C:\WINDOWS\System32\GDI32.dll
0x00007ffab8300000 - 0x00007ffab8417000 	C:\WINDOWS\System32\gdi32full.dll
0x00007ffab8420000 - 0x00007ffab84bd000 	C:\WINDOWS\System32\msvcp_win.dll
0x00007ffab08c0000 - 0x00007ffab08da000 	C:\Program Files\Java\jdk-18.0.2\bin\VCRUNTIME140.dll
0x00007ffaaafd0000 - 0x00007ffaab26a000 	C:\WINDOWS\WinSxS\amd64_microsoft.windows.common-controls_6595b64144ccf1df_6.0.19041.4355_none_60b8b9eb71f62e16\COMCTL32.dll
0x00007ffab4420000 - 0x00007ffab442a000 	C:\WINDOWS\SYSTEM32\VERSION.dll
0x00007ffab9f90000 - 0x00007ffab9fbf000 	C:\WINDOWS\System32\IMM32.DLL
0x00007ffab1e80000 - 0x00007ffab1e8c000 	C:\Program Files\Java\jdk-18.0.2\bin\vcruntime140_1.dll
0x00007ffa98f10000 - 0x00007ffa98f9d000 	C:\Program Files\Java\jdk-18.0.2\bin\msvcp140.dll
0x00007ffa7c330000 - 0x00007ffa7cf41000 	C:\Program Files\Java\jdk-18.0.2\bin\server\jvm.dll
0x00007ffabaa90000 - 0x00007ffabaa98000 	C:\WINDOWS\System32\PSAPI.DLL
0x00007ffab5900000 - 0x00007ffab5909000 	C:\WINDOWS\SYSTEM32\WSOCK32.dll
0x00007ffab9870000 - 0x00007ffab98db000 	C:\WINDOWS\System32\WS2_32.dll
0x00007ffaadb30000 - 0x00007ffaadb57000 	C:\WINDOWS\SYSTEM32\WINMM.dll
0x00007ffab6180000 - 0x00007ffab6192000 	C:\WINDOWS\SYSTEM32\kernel.appcore.dll
0x00007ffab0860000 - 0x00007ffab086a000 	C:\Program Files\Java\jdk-18.0.2\bin\jimage.dll
0x00007ffab2490000 - 0x00007ffab2674000 	C:\WINDOWS\SYSTEM32\DBGHELP.DLL
0x00007ffab2230000 - 0x00007ffab2264000 	C:\WINDOWS\SYSTEM32\dbgcore.DLL
0x00007ffab87f0000 - 0x00007ffab8872000 	C:\WINDOWS\System32\bcryptPrimitives.dll
0x00007ffab5910000 - 0x00007ffab591e000 	C:\Program Files\Java\jdk-18.0.2\bin\instrument.dll
0x00007ffaaf6e0000 - 0x00007ffaaf705000 	C:\Program Files\Java\jdk-18.0.2\bin\java.dll
0x00007ffa98490000 - 0x00007ffa98566000 	C:\Program Files\Java\jdk-18.0.2\bin\jsvml.dll
0x00007ffaba320000 - 0x00007ffabaa8f000 	C:\WINDOWS\System32\SHELL32.dll
0x00007ffab6380000 - 0x00007ffab6b1f000 	C:\WINDOWS\SYSTEM32\windows.storage.dll
0x00007ffab9510000 - 0x00007ffab9863000 	C:\WINDOWS\System32\combase.dll
0x00007ffab7c50000 - 0x00007ffab7c7e000 	C:\WINDOWS\SYSTEM32\Wldp.dll
0x00007ffabab40000 - 0x00007ffabac0d000 	C:\WINDOWS\System32\OLEAUT32.dll
0x00007ffab9950000 - 0x00007ffab99fd000 	C:\WINDOWS\System32\SHCORE.dll
0x00007ffaba2c0000 - 0x00007ffaba315000 	C:\WINDOWS\System32\shlwapi.dll
0x00007ffab8230000 - 0x00007ffab8254000 	C:\WINDOWS\SYSTEM32\profapi.dll
0x00007ffaa2580000 - 0x00007ffaa2598000 	C:\Program Files\Java\jdk-18.0.2\bin\zip.dll
0x00007ffaabc60000 - 0x00007ffaabc73000 	C:\Program Files\Java\jdk-18.0.2\bin\net.dll
0x00007ffab04e0000 - 0x00007ffab05ed000 	C:\WINDOWS\SYSTEM32\WINHTTP.dll
0x00007ffab79b0000 - 0x00007ffab7a1a000 	C:\WINDOWS\system32\mswsock.dll
0x00007ffaa25a0000 - 0x00007ffaa25b6000 	C:\Program Files\Java\jdk-18.0.2\bin\nio.dll
0x00007ffa9fb20000 - 0x00007ffa9fb3a000 	C:\Program Files\JetBrains\IntelliJ IDEA Community Edition 2022.1.3\bin\breakgen64.dll
0x00007ffab58f0000 - 0x00007ffab58f9000 	C:\Program Files\Java\jdk-18.0.2\bin\management.dll
0x00007ffab3430000 - 0x00007ffab343b000 	C:\Program Files\Java\jdk-18.0.2\bin\management_ext.dll

dbghelp: loaded successfully - version: 4.0.5 - missing functions: none
symbol engine: initialized successfully - sym options: 0x614 - pdb path: .;C:\Program Files\Java\jdk-18.0.2\bin;C:\WINDOWS\SYSTEM32;C:\WINDOWS\WinSxS\amd64_microsoft.windows.common-controls_6595b64144ccf1df_6.0.19041.4355_none_60b8b9eb71f62e16;C:\Program Files\Java\jdk-18.0.2\bin\server;C:\Program Files\JetBrains\IntelliJ IDEA Community Edition 2022.1.3\bin

VM Arguments:
jvm_args: -javaagent:C:\Program Files\JetBrains\IntelliJ IDEA Community Edition 2022.1.3\lib\idea_rt.jar=64355:C:\Program Files\JetBrains\IntelliJ IDEA Community Edition 2022.1.3\bin -Dfile.encoding=UTF-8 
java_command: com.lms.LmsApplication
java_class_path (initial): D:\workspace\spring-boot-projects\LMS\target\classes;C:\Users\Prabhu Aryan\.m2\repository\org\springframework\boot\spring-boot-starter-data-jpa\3.3.3\spring-boot-starter-data-jpa-3.3.3.jar;C:\Users\Prabhu Aryan\.m2\repository\org\springframework\boot\spring-boot-starter-aop\3.3.3\spring-boot-starter-aop-3.3.3.jar;C:\Users\Prabhu Aryan\.m2\repository\org\aspectj\aspectjweaver\1.9.22.1\aspectjweaver-1.9.22.1.jar;C:\Users\Prabhu Aryan\.m2\repository\org\springframework\boot\spring-boot-starter-jdbc\3.3.3\spring-boot-starter-jdbc-3.3.3.jar;C:\Users\Prabhu Aryan\.m2\repository\com\zaxxer\HikariCP\5.1.0\HikariCP-5.1.0.jar;C:\Users\Prabhu Aryan\.m2\repository\org\springframework\spring-jdbc\6.1.12\spring-jdbc-6.1.12.jar;C:\Users\Prabhu Aryan\.m2\repository\org\hibernate\orm\hibernate-core\6.5.2.Final\hibernate-core-6.5.2.Final.jar;C:\Users\Prabhu Aryan\.m2\repository\jakarta\persistence\jakarta.persistence-api\3.1.0\jakarta.persistence-api-3.1.0.jar;C:\Users\Prabhu Aryan\.m2\repository\jakarta\transaction\jakarta.transaction-api\2.0.1\jakarta.transaction-api-2.0.1.jar;C:\Users\Prabhu Aryan\.m2\repository\org\jboss\logging\jboss-logging\3.5.3.Final\jboss-logging-3.5.3.Final.jar;C:\Users\Prabhu Aryan\.m2\repository\org\hibernate\common\hibernate-commons-annotations\6.0.6.Final\hibernate-commons-annotations-6.0.6.Final.jar;C:\Users\Prabhu Aryan\.m2\repository\io\smallrye\jandex\3.1.2\jandex-3.1.2.jar;C:\Users\Prabhu Aryan\.m2\repository\com\fasterxml\classmate\1.7.0\classmate-1.7.0.jar;C:\Users\Prabhu Aryan\.m2\repository\net\bytebuddy\byte-buddy\1.14.19\byte-buddy-1.14.19.jar;C:\Users\Prabhu Aryan\.m2\repository\org\glassfish\jaxb\jaxb-runtime\4.0.5\jaxb-runtime-4.0.5.jar;C:\Users\Prabhu Aryan\.m2\repository\org\glassfish\jaxb\jaxb-core\4.0.5\jaxb-core-4.0.5.jar;C:\Users\Prabhu Aryan\.m2\repository\org\eclipse\angus\angus-activation\2.0.2\angus-activation-2.0.2.jar;C:\Users\Prabhu Aryan\.m2\repository\org\glassfish\jaxb\txw2\4.0.5\txw2-4.0.5.jar;C:\Users\Prabhu Aryan\.m2\repository\com\sun\istack\istack-commons-runtime\4.1.2\istack-commons-runtime-4.1.2.jar;C:\Users\Prabhu Aryan\.m2\repository\jakarta\inject\jakarta.inject-api\2.0.1\jakarta.inject-api-2.0.1.jar;C:\Users\Prabhu Aryan\.m2\repository\org\antlr\antlr4-runtime\4.13.0\antlr4-runtime-4.13.0.jar;C:\Users\Prabhu Aryan\.m2\repository\org\springframework\data\spring-data-jpa\3.3.3\spring-data-jpa-3.3.3.jar;C:\Users\Prabhu Aryan\.m2\repository\org\springframework\data\spring-data-commons\3.3.3\spring-data-commons-3.3.3.jar;C:\Users\Prabhu Aryan\.m2\repository\org\springframework\spring-orm\6.1.12\spring-orm-6.1.12.jar;C:\Users\Prabhu Aryan\.m2\repository\org\springframework\spring-context\6.1.12\spring-context-6.1.12.jar;C:\Users\Prabhu Aryan\.m2\repository\org\springframework\spring-tx\6.1.12\spring-tx-6.1.12.jar;C:\Users\Prabhu Aryan\.m2\repository\org\springframework\spring-beans\6.1.12\spring-beans-6.1.12.jar;C:\Users\Prabhu Aryan\.m2\repository\jakarta\annotation\jakarta.annotation-api\2.1.1\jakarta.annotation-api-2.1.1.jar;C:\Users\Prabhu Aryan\.m2\repository\org\slf4j\slf4j-api\2.0.16\slf4j-api-2.0.16.jar;C:\Users\Prabhu Aryan\.m2\repository\org\springframework\spring-aspects\6.1.12\spring-aspects-6.1.12.jar;C:\Users\Prabhu Aryan\.m2\repository\org\springframework\boot\spring-boot-starter-security\3.3.3\spring-boot-starter-security-3.3.3.jar;C:\Users\Prabhu Aryan\.m2\repository\org\springframework\boot\spring-boot-starter\3.3.3\spring-boot-starter-3.3.3.jar;C:\Users\Prabhu Aryan\.m2\repository\org\springframework\boot\spring-boot-starter-logging\3.3.3\spring-boot-starter-logging-3.3.3.jar;C:\Users\Prabhu Aryan\.m2\repository\ch\qos\logback\logback-classic\1.5.7\logback-classic-1.5.7.jar;C:\Users\Prabhu Aryan\.m2\repository\ch\qos\logback\logback-core\1.5.7\logback-core-1.5.7.jar;C:\Users\Prabhu Aryan\.m2\repository\org\apache\logging\log4j\log4j-to-slf4j\2.23.1\log4j-to-slf4j-2.23.1.jar;C:\Users\Prabhu Aryan\.m2\repository\org\apache\logging\log4j\log4j-api\2.23.1\log4j-api-2.23.1.jar;C:\Users\Prabhu Aryan\.m2\repository\org\slf4j\jul-to-slf4j\2.0.16\jul-to-slf4j-2.0.16.jar;C:\Users\Prabhu Aryan\.m2\repository\org\yaml\snakeyaml\2.2\snakeyaml-2.2.jar;C:\Users\Prabhu Aryan\.m2\repository\org\springframework\spring-aop\6.1.12\spring-aop-6.1.12.jar;C:\Users\Prabhu Aryan\.m2\repository\org\springframework\security\spring-security-config\6.3.3\spring-security-config-6.3.3.jar;C:\Users\Prabhu Aryan\.m2\repository\org\springframework\security\spring-security-core\6.3.3\spring-security-core-6.3.3.jar;C:\Users\Prabhu Aryan\.m2\repository\org\springframework\security\spring-security-crypto\6.3.3\spring-security-crypto-6.3.3.jar;C:\Users\Prabhu Aryan\.m2\repository\org\springframework\security\spring-security-web\6.3.3\spring-security-web-6.3.3.jar;C:\Users\Prabhu Aryan\.m2\repository\org\springframework\spring-expression\6.1.12\spring-expression-6.1.12.jar;C:\Users\Prabhu Aryan\.m2\repository\io\jsonwebtoken\jjwt-api\0.11.5\jjwt-api-0.11.5.jar;C:\Users\Prabhu Aryan\.m2\repository\io\jsonwebtoken\jjwt-impl\0.11.5\jjwt-impl-0.11.5.jar;C:\Users\Prabhu Aryan\.m2\repository\io\jsonwebtoken\jjwt-jackson\0.11.5\jjwt-jackson-0.11.5.jar;C:\Users\Prabhu Aryan\.m2\repository\com\fasterxml\jackson\core\jackson-databind\2.17.2\jackson-databind-2.17.2.jar;C:\Users\Prabhu Aryan\.m2\repository\com\fasterxml\jackson\core\jackson-annotations\2.17.2\jackson-annotations-2.17.2.jar;C:\Users\Prabhu Aryan\.m2\repository\com\fasterxml\jackson\core\jackson-core\2.17.2\jackson-core-2.17.2.jar;C:\Users\Prabhu Aryan\.m2\repository\org\springframework\boot\spring-boot-starter-validation\3.3.3\spring-boot-starter-validation-3.3.3.jar;C:\Users\Prabhu Aryan\.m2\repository\org\apache\tomcat\embed\tomcat-embed-el\10.1.28\tomcat-embed-el-10.1.28.jar;C:\Users\Prabhu Aryan\.m2\repository\org\hibernate\validator\hibernate-validator\8.0.1.Final\hibernate-validator-8.0.1.Final.jar;C:\Users\Prabhu Aryan\.m2\repository\jakarta\validation\jakarta.validation-api\3.0.2\jakarta.validation-api-3.0.2.jar;C:\Users\Prabhu Aryan\.m2\repository\org\springframework\boot\spring-boot-starter-web\3.3.3\spring-boot-starter-web-3.3.3.jar;C:\Users\Prabhu Aryan\.m2\repository\org\springframework\boot\spring-boot-starter-json\3.3.3\spring-boot-starter-json-3.3.3.jar;C:\Users\Prabhu Aryan\.m2\repository\com\fasterxml\jackson\datatype\jackson-datatype-jdk8\2.17.2\jackson-datatype-jdk8-2.17.2.jar;C:\Users\Prabhu Aryan\.m2\repository\com\fasterxml\jackson\datatype\jackson-datatype-jsr310\2.17.2\jackson-datatype-jsr310-2.17.2.jar;C:\Users\Prabhu Aryan\.m2\repository\com\fasterxml\jackson\module\jackson-module-parameter-names\2.17.2\jackson-module-parameter-names-2.17.2.jar;C:\Users\Prabhu Aryan\.m2\repository\org\springframework\boot\spring-boot-starter-tomcat\3.3.3\spring-boot-starter-tomcat-3.3.3.jar;C:\Users\Prabhu Aryan\.m2\repository\org\apache\tomcat\embed\tomcat-embed-core\10.1.28\tomcat-embed-core-10.1.28.jar;C:\Users\Prabhu Aryan\.m2\repository\org\apache\tomcat\embed\tomcat-embed-websocket\10.1.28\tomcat-embed-websocket-10.1.28.jar;C:\Users\Prabhu Aryan\.m2\repository\org\springframework\spring-web\6.1.12\spring-web-6.1.12.jar;C:\Users\Prabhu Aryan\.m2\repository\io\micrometer\micrometer-observation\1.13.3\micrometer-observation-1.13.3.jar;C:\Users\Prabhu Aryan\.m2\repository\io\micrometer\micrometer-commons\1.13.3\micrometer-commons-1.13.3.jar;C:\Users\Prabhu Aryan\.m2\repository\org\springframework\spring-webmvc\6.1.12\spring-webmvc-6.1.12.jar;C:\Users\Prabhu Aryan\.m2\repository\org\springframework\boot\spring-boot-devtools\3.3.3\spring-boot-devtools-3.3.3.jar;C:\Users\Prabhu Aryan\.m2\repository\org\springframework\boot\spring-boot\3.3.3\spring-boot-3.3.3.jar;C:\Users\Prabhu Aryan\.m2\repository\org\springframework\boot\spring-boot-autoconfigure\3.3.3\spring-boot-autoconfigure-3.3.3.jar;C:\Users\Prabhu Aryan\.m2\repository\com\mysql\mysql-connector-j\8.3.0\mysql-connector-j-8.3.0.jar;C:\Users\Prabhu Aryan\.m2\repository\org\projectlombok\lombok\1.18.34\lombok-1.18.34.jar;C:\Users\Prabhu Aryan\.m2\repository\jakarta\xml\bind\jakarta.xml.bind-api\4.0.2\jakarta.xml.bind-api-4.0.2.jar;C:\Users\Prabhu Aryan\.m2\repository\jakarta\activation\jakarta.activation-api\2.1.3\jakarta.activation-api-2.1.3.jar;C:\Users\Prabhu Aryan\.m2\repository\org\springframework\spring-core\6.1.12\spring-core-6.1.12.jar;C:\Users\Prabhu Aryan\.m2\repository\org\springframework\spring-jcl\6.1.12\spring-jcl-6.1.12.jar
Launcher Type: SUN_STANDARD

[Global flags]
     intx CICompilerCount                          = 3                                         {product} {ergonomic}
     uint ConcGCThreads                            = 1                                         {product} {ergonomic}
     uint G1ConcRefinementThreads                  = 4                                         {product} {ergonomic}
   size_t G1HeapRegionSize                         = 1048576                                   {product} {ergonomic}
    uintx GCDrainStackTargetSize                   = 64                                        {product} {ergonomic}
   size_t InitialHeapSize                          = 134217728                                 {product} {ergonomic}
   size_t MarkStackSize                            = 4194304                                   {product} {ergonomic}
   size_t MaxHeapSize                              = 2118123520                                {product} {ergonomic}
   size_t MaxNewSize                               = 1270874112                                {product} {ergonomic}
   size_t MinHeapDeltaBytes                        = 1048576                                   {product} {ergonomic}
   size_t MinHeapSize                              = 8388608                                   {product} {ergonomic}
    uintx NonNMethodCodeHeapSize                   = 5832780                                {pd product} {ergonomic}
    uintx NonProfiledCodeHeapSize                  = 122912730                              {pd product} {ergonomic}
    uintx ProfiledCodeHeapSize                     = 122912730                              {pd product} {ergonomic}
    uintx ReservedCodeCacheSize                    = 251658240                              {pd product} {ergonomic}
     bool SegmentedCodeCache                       = true                                      {product} {ergonomic}
   size_t SoftMaxHeapSize                          = 2118123520                             {manageable} {ergonomic}
     bool UseCompressedClassPointers               = true                           {product lp64_product} {ergonomic}
     bool UseCompressedOops                        = true                           {product lp64_product} {ergonomic}
     bool UseG1GC                                  = true                                      {product} {ergonomic}
     bool UseLargePagesIndividualAllocation        = false                                  {pd product} {ergonomic}

Logging:
Log output configuration:
 #0: stdout all=warning uptime,level,tags foldmultilines=false
 #1: stderr all=off uptime,level,tags foldmultilines=false

Environment Variables:
PATH=C:\Program Files\Common Files\Oracle\Java\javapath;C:\oracle\product\10.2.0\db_1\bin;C:\WINDOWS\system32;C:\WINDOWS;C:\WINDOWS\System32\Wbem;C:\WINDOWS\System32\WindowsPowerShell\v1.0\;C:\WINDOWS\System32\OpenSSH\;C:\Program Files\nodejs\;C:\Program Files\Java\jdk-18.0.2\bin;C:\Program Files\Git\cmd;C:\Users\Prabhu Aryan\AppData\Local\Programs\Python\Python311\Scripts\;C:\Users\Prabhu Aryan\AppData\Local\Programs\Python\Python311\;C:\Program Files\MySQL\MySQL Shell 8.0\bin\;C:\Users\Prabhu Aryan\AppData\Local\Microsoft\WindowsApps;C:\Users\Prabhu Aryan\AppData\Roaming\npm;C:\Users\Prabhu Aryan\AppData\Local\Programs\Microsoft VS Code\bin;C:\Program Files\JetBrains\IntelliJ IDEA Community Edition 2022.1.3\bin;
USERNAME=Prabhu Aryan
OS=Windows_NT
PROCESSOR_IDENTIFIER=Intel64 Family 6 Model 78 Stepping 3, GenuineIntel



---------------  S Y S T E M  ---------------

OS:
 Windows 10 , 64 bit Build 19041 (10.0.19041.4717)
OS uptime: 34 days 23:23 hours

CPU: total 4 (initial active 4) (2 cores per cpu, 2 threads per core) family 6 model 78 stepping 3 microcode 0xcc, cx8, cmov, fxsr, ht, mmx, 3dnowpref, sse, sse2, sse3, ssse3, sse4.1, sse4.2, popcnt, lzcnt, tsc, tscinvbit, avx, avx2, aes, erms, clmul, bmi1, bmi2, adx, fma, vzeroupper, clflush, clflushopt

Memory: 4k page, system-wide physical 8073M (1342M free)
TotalPageFile size 11658M (AvailPageFile size 2254M)
current process WorkingSet (physical memory assigned to process): 112M, peak: 112M
current process commit charge ("private bytes"): 245M, peak: 245M

vm_info: Java HotSpot(TM) 64-Bit Server VM (18.0.2+9-61) for windows-amd64 JRE (18.0.2+9-61), built on Jun  7 2022 13:09:01 by "mach5one" with MS VC++ 16.8 / 16.9 (VS2019)

END.
